<?xml version="1.0" encoding="UTF-8"?>
<testng-results ignored="0" total="1" passed="1" failed="0" skipped="0">
  <reporter-output>
  </reporter-output>
  <suite started-at="2023-01-17T17:43:58 IST" name="Default suite" finished-at="2023-01-17T17:44:12 IST" duration-ms="13358">
    <groups>
    </groups>
    <test started-at="2023-01-17T17:43:58 IST" name="Default test" finished-at="2023-01-17T17:44:12 IST" duration-ms="13358">
      <class name="TestCases.LoginPageTest">
        <test-method is-config="true" signature="launch()[pri:0, instance:TestCases.LoginPageTest@c33b74f]" started-at="2023-01-17T17:43:58 IST" name="launch" finished-at="2023-01-17T17:44:09 IST" duration-ms="10992" status="PASS">
          <reporter-output>
          </reporter-output>
        </test-method> <!-- launch -->
        <test-method signature="browserTest()[pri:0, instance:TestCases.LoginPageTest@c33b74f]" started-at="2023-01-17T17:44:09 IST" name="browserTest" finished-at="2023-01-17T17:44:12 IST" duration-ms="2268" status="PASS">
          <reporter-output>
          </reporter-output>
        </test-method> <!-- browserTest -->
      </class> <!-- TestCases.LoginPageTest -->
    </test> <!-- Default test -->
  </suite> <!-- Default suite -->
</testng-results>
